{"/home/ubuntu/workspace/CloudPro/Cloudpro/w5 NodeJS & Testing/02 Unit Testing/taxi/modules/taxi.js":{"path":"/home/ubuntu/workspace/CloudPro/Cloudpro/w5 NodeJS & Testing/02 Unit Testing/taxi/modules/taxi.js","s":{"1":2,"2":2,"3":2,"4":2,"5":0,"6":0,"7":0,"8":2,"9":2,"10":0,"11":0,"12":0,"13":0,"14":0,"15":1,"16":4,"17":4,"18":4,"19":0,"20":0,"21":0,"22":2,"23":0,"24":0,"25":0,"26":0,"27":0,"28":1,"29":0,"30":0},"b":{},"f":{"1":2,"2":4,"3":0,"4":0},"fnMap":{"1":{"name":"(anonymous_1)","line":13,"loc":{"start":{"line":13,"column":18},"end":{"line":13,"column":50}}},"2":{"name":"getLatLon","line":23,"loc":{"start":{"line":23,"column":0},"end":{"line":23,"column":28}}},"3":{"name":"(anonymous_3)","line":34,"loc":{"start":{"line":34,"column":19},"end":{"line":34,"column":40}},"skip":true},"4":{"name":"calculateFare","line":42,"loc":{"start":{"line":42,"column":0},"end":{"line":42,"column":43}}}},"statementMap":{"1":{"start":{"line":2,"column":0},"end":{"line":2,"column":35}},"2":{"start":{"line":4,"column":0},"end":{"line":4,"column":8}},"3":{"start":{"line":6,"column":0},"end":{"line":11,"column":1}},"4":{"start":{"line":7,"column":1},"end":{"line":7,"column":32}},"5":{"start":{"line":8,"column":1},"end":{"line":8,"column":27}},"6":{"start":{"line":9,"column":1},"end":{"line":9,"column":29}},"7":{"start":{"line":10,"column":1},"end":{"line":10,"column":65}},"8":{"start":{"line":13,"column":0},"end":{"line":20,"column":1}},"9":{"start":{"line":14,"column":1},"end":{"line":14,"column":34}},"10":{"start":{"line":15,"column":1},"end":{"line":15,"column":38}},"11":{"start":{"line":16,"column":1},"end":{"line":16,"column":53}},"12":{"start":{"line":17,"column":1},"end":{"line":17,"column":53}},"13":{"start":{"line":18,"column":1},"end":{"line":18,"column":45}},"14":{"start":{"line":19,"column":1},"end":{"line":19,"column":74}},"15":{"start":{"line":23,"column":0},"end":{"line":30,"column":1}},"16":{"start":{"line":24,"column":1},"end":{"line":24,"column":125}},"17":{"start":{"line":25,"column":1},"end":{"line":25,"column":35}},"18":{"start":{"line":26,"column":1},"end":{"line":26,"column":2}},"19":{"start":{"line":27,"column":1},"end":{"line":27,"column":50}},"20":{"start":{"line":28,"column":1},"end":{"line":28,"column":44}},"21":{"start":{"line":29,"column":1},"end":{"line":29,"column":49}},"22":{"start":{"line":34,"column":0},"end":{"line":40,"column":1},"skip":true},"23":{"start":{"line":35,"column":1},"end":{"line":35,"column":118},"skip":true},"24":{"start":{"line":36,"column":1},"end":{"line":36,"column":36},"skip":true},"25":{"start":{"line":37,"column":1},"end":{"line":37,"column":17},"skip":true},"26":{"start":{"line":38,"column":1},"end":{"line":38,"column":29},"skip":true},"27":{"start":{"line":39,"column":1},"end":{"line":39,"column":50},"skip":true},"28":{"start":{"line":42,"column":0},"end":{"line":45,"column":1}},"29":{"start":{"line":43,"column":1},"end":{"line":43,"column":28}},"30":{"start":{"line":44,"column":1},"end":{"line":44,"column":23}}},"branchMap":{}}}