TN:
SF:/home/ubuntu/workspace/CloudPro/Cloudpro/w5 NodeJS & Testing/02 Unit Testing/taxi/modules/taxi.js
FN:13,(anonymous_1)
FN:23,getLatLon
FN:34,(anonymous_3)
FN:42,calculateFare
FNF:4
FNH:3
FNDA:2,(anonymous_1)
FNDA:4,getLatLon
FNDA:0,(anonymous_3)
FNDA:0,calculateFare
DA:2,2
DA:4,2
DA:6,2
DA:7,2
DA:8,0
DA:9,0
DA:10,0
DA:13,2
DA:14,2
DA:15,0
DA:16,0
DA:17,0
DA:18,0
DA:19,0
DA:23,1
DA:24,4
DA:25,4
DA:26,4
DA:27,0
DA:28,0
DA:29,0
DA:34,2
DA:35,1
DA:36,1
DA:37,1
DA:38,1
DA:39,1
DA:42,1
DA:43,0
DA:44,0
LF:30
LH:17
BRF:0
BRH:0
end_of_record
