TN:
SF:/home/ubuntu/workspace/CloudPro/Cloudpro/w5 NodeJS & Testing/02 Unit Testing/shopping/modules/shopping.js
FNF:0
FNH:0
DA:9,1
DA:12,1
DA:14,35
DA:16,23
DA:19,12
DA:20,12
DA:22,12
DA:24,35
DA:29,1
DA:31,4
DA:35,1
DA:36,11
DA:40,1
DA:41,3
DA:42,3
DA:43,4
DA:45,3
DA:54,1
DA:55,3
DA:56,1
DA:58,2
DA:62,1
DA:63,3
DA:64,3
DA:65,1
DA:67,2
DA:71,1
DA:72,1
DA:73,1
DA:74,1
DA:76,0
DA:77,0
DA:79,0
DA:80,0
DA:82,0
DA:83,0
DA:84,0
DA:85,0
DA:86,0
DA:88,0
DA:89,0
LF:41
LH:30
BRDA:14,1,0,23
BRDA:14,1,1,12
BRDA:55,2,0,1
BRDA:55,2,1,2
BRDA:64,3,0,1
BRDA:64,3,1,2
BRDA:73,4,0,1
BRDA:73,4,1,0
BRDA:73,5,0,1
BRDA:73,5,1,1
BRDA:76,6,0,0
BRDA:76,6,1,0
BRDA:79,7,0,0
BRDA:79,7,1,0
BRDA:84,8,0,0
BRDA:84,8,1,0
BRF:16
BRH:9
end_of_record
